2023-02-13 12:28:51.121 UTC [4452] LOG:  database system was shut down at 2023-02-09 11:12:14 UTC
2023-02-13 12:28:52.101 UTC [4056] LOG:  database system is ready to accept connections
2023-02-13 12:30:17.024 UTC [6000] ERROR:  could not serialize access due to concurrent update
2023-02-13 12:30:17.024 UTC [6000] STATEMENT:  
	            SELECT *
	            FROM ir_cron
	            WHERE active = true
	              AND numbercall != 0
	              AND (nextcall <= (now() at time zone 'UTC')
	                OR EXISTS (
	                    SELECT cron_id
	                    FROM ir_cron_trigger
	                    WHERE call_at <= (now() at time zone 'UTC')
	                      AND cron_id = ir_cron.id
	                )
	              )
	              AND id in (10)
	            ORDER BY priority
	            LIMIT 1 FOR NO KEY UPDATE SKIP LOCKED
	        
2023-02-13 12:45:58.962 UTC [5928] ERROR:  could not serialize access due to concurrent delete
2023-02-13 12:45:58.962 UTC [5928] STATEMENT:  DELETE FROM ir_attachment WHERE id IN (22, 21)
2023-02-13 13:57:12.794 UTC [4056] LOG:  received fast shutdown request
2023-02-13 13:57:12.817 UTC [4608] ERROR:  canceling statement due to user request
2023-02-13 13:57:12.828 UTC [4056] LOG:  aborting any active transactions
2023-02-13 13:57:12.841 UTC [9584] FATAL:  terminating connection due to administrator command
2023-02-13 13:57:12.843 UTC [6092] FATAL:  terminating connection due to administrator command
2023-02-13 13:57:12.880 UTC [6048] FATAL:  terminating connection due to administrator command
2023-02-13 13:57:12.888 UTC [6024] FATAL:  terminating connection due to administrator command
2023-02-13 13:57:12.893 UTC [6000] FATAL:  terminating connection due to administrator command
2023-02-13 13:57:12.918 UTC [5928] FATAL:  terminating connection due to administrator command
2023-02-13 13:57:12.925 UTC [5976] FATAL:  terminating connection due to administrator command
2023-02-13 13:57:12.959 UTC [4480] FATAL:  terminating connection due to administrator command
2023-02-13 13:57:12.976 UTC [2252] FATAL:  terminating connection due to administrator command
2023-02-13 13:57:12.986 UTC [4056] LOG:  background worker "logical replication launcher" (PID 4608) exited with exit code 1
2023-02-13 13:57:13.002 UTC [4568] LOG:  shutting down
2023-02-13 13:57:13.058 UTC [6624] FATAL:  the database system is shutting down
2023-02-13 13:57:13.371 UTC [4056] LOG:  database system is shut down
