2023-02-16 08:34:14.182 UTC [4932] LOG:  database system was shut down at 2023-02-13 13:57:13 UTC
2023-02-16 08:34:14.667 UTC [4172] LOG:  database system is ready to accept connections
2023-02-16 09:29:18.124 UTC [3604] ERROR:  null value in column "res_model" violates not-null constraint
2023-02-16 09:29:18.124 UTC [3604] DETAIL:  Failing row contains (259, renting, ir.actions.act_window, null, null, action, list,form, 2, 2023-02-16 09:29:18.026413, 2, 2023-02-16 09:29:18.026413, null, null, {}, null, null, current, tree,form, null, 80, null, null).
2023-02-16 09:29:18.124 UTC [3604] STATEMENT:  INSERT INTO "ir_act_window" ("id", "binding_type", "binding_view_types", "context", "create_date", "create_uid", "limit", "name", "target", "type", "view_mode", "write_date", "write_uid") VALUES (nextval('ir_actions_id_seq'), 'action', 'list,form', '{}', '2023-02-16 09:29:18.026413', 2, 80, 'renting', 'current', 'ir.actions.act_window', 'tree,form', '2023-02-16 09:29:18.026413', 2) RETURNING id
2023-02-16 09:30:25.997 UTC [7516] ERROR:  null value in column "res_model" violates not-null constraint
2023-02-16 09:30:25.997 UTC [7516] DETAIL:  Failing row contains (261, consigna, ir.actions.act_window, null, null, action, list,form, 2, 2023-02-16 09:30:25.987609, 2, 2023-02-16 09:30:25.987609, null, null, {}, null, null, current, tree,form, null, 80, null, null).
2023-02-16 09:30:25.997 UTC [7516] STATEMENT:  INSERT INTO "ir_act_window" ("id", "binding_type", "binding_view_types", "context", "create_date", "create_uid", "limit", "name", "target", "type", "view_mode", "write_date", "write_uid") VALUES (nextval('ir_actions_id_seq'), 'action', 'list,form', '{}', '2023-02-16 09:30:25.987609', 2, 80, 'consigna', 'current', 'ir.actions.act_window', 'tree,form', '2023-02-16 09:30:25.987609', 2) RETURNING id
2023-02-16 09:51:58.277 UTC [3604] ERROR:  null value in column "res_model" violates not-null constraint
2023-02-16 09:51:58.277 UTC [3604] DETAIL:  Failing row contains (263, tipo_clase, ir.actions.act_window, null, null, action, list,form, 2, 2023-02-16 09:51:58.273279, 2, 2023-02-16 09:51:58.273279, null, null, {}, null, null, current, tree,form, null, 80, null, null).
2023-02-16 09:51:58.277 UTC [3604] STATEMENT:  INSERT INTO "ir_act_window" ("id", "binding_type", "binding_view_types", "context", "create_date", "create_uid", "limit", "name", "target", "type", "view_mode", "write_date", "write_uid") VALUES (nextval('ir_actions_id_seq'), 'action', 'list,form', '{}', '2023-02-16 09:51:58.273279', 2, 80, 'tipo_clase', 'current', 'ir.actions.act_window', 'tree,form', '2023-02-16 09:51:58.273279', 2) RETURNING id
2023-02-16 10:58:42.548 UTC [4172] LOG:  received fast shutdown request
2023-02-16 10:58:42.592 UTC [4172] LOG:  aborting any active transactions
2023-02-16 10:58:42.597 UTC [7516] FATAL:  terminating connection due to administrator command
2023-02-16 10:58:42.602 UTC [4264] FATAL:  terminating connection due to administrator command
2023-02-16 10:58:42.605 UTC [3488] ERROR:  canceling statement due to user request
2023-02-16 10:58:42.642 UTC [3604] FATAL:  terminating connection due to administrator command
2023-02-16 10:58:42.642 UTC [6584] FATAL:  terminating connection due to administrator command
2023-02-16 10:58:42.665 UTC [10132] FATAL:  terminating connection due to administrator command
2023-02-16 10:58:42.686 UTC [11236] FATAL:  terminating connection due to administrator command
2023-02-16 10:58:42.703 UTC [10900] FATAL:  terminating connection due to administrator command
2023-02-16 10:58:42.717 UTC [5872] FATAL:  terminating connection due to administrator command
2023-02-16 10:58:42.743 UTC [5832] FATAL:  terminating connection due to administrator command
2023-02-16 10:58:42.756 UTC [4172] LOG:  background worker "logical replication launcher" (PID 3488) exited with exit code 1
2023-02-16 10:58:42.794 UTC [5100] LOG:  shutting down
2023-02-16 10:58:42.830 UTC [8856] FATAL:  the database system is shutting down
2023-02-16 10:58:43.259 UTC [8500] FATAL:  the database system is shutting down
2023-02-16 10:58:43.978 UTC [4172] LOG:  database system is shut down
